mode: atomic
Data-Structures-with-Go/array-smallest-missing-number/array-smallest-missing-number.go:13.54,14.15 1 11
Data-Structures-with-Go/array-smallest-missing-number/array-smallest-missing-number.go:20.2,20.17 1 11
Data-Structures-with-Go/array-smallest-missing-number/array-smallest-missing-number.go:24.2,24.25 1 11
Data-Structures-with-Go/array-smallest-missing-number/array-smallest-missing-number.go:28.2,30.21 2 6
Data-Structures-with-Go/array-smallest-missing-number/array-smallest-missing-number.go:34.2,34.42 1 0
Data-Structures-with-Go/array-smallest-missing-number/array-smallest-missing-number.go:14.15,18.3 3 0
Data-Structures-with-Go/array-smallest-missing-number/array-smallest-missing-number.go:20.17,22.3 1 0
Data-Structures-with-Go/array-smallest-missing-number/array-smallest-missing-number.go:24.25,26.3 1 5
Data-Structures-with-Go/array-smallest-missing-number/array-smallest-missing-number.go:30.21,32.3 1 6
Data-Structures-with-Go/array-smallest-missing-number/array-smallest-missing-number.go:37.13,41.2 3 0
Data-Structures-with-Go/array-minimum-distance/array-minimum-distance.go:17.21,18.11 1 20
Data-Structures-with-Go/array-minimum-distance/array-minimum-distance.go:21.2,21.12 1 3
Data-Structures-with-Go/array-minimum-distance/array-minimum-distance.go:24.2,24.10 1 2
Data-Structures-with-Go/array-minimum-distance/array-minimum-distance.go:18.11,20.3 1 17
Data-Structures-with-Go/array-minimum-distance/array-minimum-distance.go:21.12,23.3 1 1
Data-Structures-with-Go/array-minimum-distance/array-minimum-distance.go:27.43,30.25 2 5
Data-Structures-with-Go/array-minimum-distance/array-minimum-distance.go:38.2,38.17 1 5
Data-Structures-with-Go/array-minimum-distance/array-minimum-distance.go:30.25,31.30 1 24
Data-Structures-with-Go/array-minimum-distance/array-minimum-distance.go:31.30,32.92 1 49
Data-Structures-with-Go/array-minimum-distance/array-minimum-distance.go:32.92,34.5 1 5
Data-Structures-with-Go/array-minimum-distance/array-minimum-distance.go:41.13,47.2 5 0
Data-Structures-with-Go/binary-search-tree-1-insertion/binary-search-tree-1-insertion.go:19.37,24.2 4 12
Data-Structures-with-Go/binary-search-tree-1-insertion/binary-search-tree-1-insertion.go:27.26,29.2 1 12
Data-Structures-with-Go/binary-search-tree-1-insertion/binary-search-tree-1-insertion.go:32.40,34.37 1 11
Data-Structures-with-Go/binary-search-tree-1-insertion/binary-search-tree-1-insertion.go:40.2,40.21 1 8
Data-Structures-with-Go/binary-search-tree-1-insertion/binary-search-tree-1-insertion.go:45.2,45.31 1 1
Data-Structures-with-Go/binary-search-tree-1-insertion/binary-search-tree-1-insertion.go:34.37,37.3 1 3
Data-Structures-with-Go/binary-search-tree-1-insertion/binary-search-tree-1-insertion.go:40.21,42.3 1 7
Data-Structures-with-Go/binary-search-tree-1-insertion/binary-search-tree-1-insertion.go:49.31,50.17 1 0
Data-Structures-with-Go/binary-search-tree-1-insertion/binary-search-tree-1-insertion.go:50.17,54.3 3 0
Data-Structures-with-Go/binary-search-tree-1-insertion/binary-search-tree-1-insertion.go:58.40,60.17 1 33
Data-Structures-with-Go/binary-search-tree-1-insertion/binary-search-tree-1-insertion.go:65.2,65.21 1 24
Data-Structures-with-Go/binary-search-tree-1-insertion/binary-search-tree-1-insertion.go:72.2,72.13 1 24
Data-Structures-with-Go/binary-search-tree-1-insertion/binary-search-tree-1-insertion.go:60.17,62.3 1 9
Data-Structures-with-Go/binary-search-tree-1-insertion/binary-search-tree-1-insertion.go:65.21,67.3 1 2
Data-Structures-with-Go/binary-search-tree-1-insertion/binary-search-tree-1-insertion.go:67.8,67.28 1 22
Data-Structures-with-Go/binary-search-tree-1-insertion/binary-search-tree-1-insertion.go:67.28,69.3 1 21
Data-Structures-with-Go/binary-search-tree-1-insertion/binary-search-tree-1-insertion.go:75.13,94.2 8 0
Data-Structures-with-Go/binary-tree-1-introduction/binary-tree-1-introduction.go:19.37,24.2 4 12
Data-Structures-with-Go/binary-tree-1-introduction/binary-tree-1-introduction.go:27.26,29.2 1 12
Data-Structures-with-Go/binary-tree-1-introduction/binary-tree-1-introduction.go:31.13,65.2 8 0
Data-Structures-with-Go/array-rotation/array-rotation.go:12.41,13.25 1 5
Data-Structures-with-Go/array-rotation/array-rotation.go:13.25,15.3 1 19
Data-Structures-with-Go/array-rotation/array-rotation.go:18.39,21.28 3 19
Data-Structures-with-Go/array-rotation/array-rotation.go:24.2,24.15 1 19
Data-Structures-with-Go/array-rotation/array-rotation.go:21.28,23.3 1 100
Data-Structures-with-Go/array-rotation/array-rotation.go:27.37,28.21 1 0
Data-Structures-with-Go/array-rotation/array-rotation.go:32.2,32.28 1 0
Data-Structures-with-Go/array-rotation/array-rotation.go:28.21,31.3 2 0
Data-Structures-with-Go/array-rotation/array-rotation.go:32.28,34.3 1 0
Data-Structures-with-Go/array-rotation/array-rotation.go:37.13,45.2 7 0
Data-Structures-with-Go/linked-list-merge-two-sorted/linked-list-merge-two-sorted.go:18.29,21.2 2 46
Data-Structures-with-Go/linked-list-merge-two-sorted/linked-list-merge-two-sorted.go:24.18,26.2 1 46
Data-Structures-with-Go/linked-list-merge-two-sorted/linked-list-merge-two-sorted.go:29.29,31.2 1 0
Data-Structures-with-Go/linked-list-merge-two-sorted/linked-list-merge-two-sorted.go:34.29,36.44 2 0
Data-Structures-with-Go/linked-list-merge-two-sorted/linked-list-merge-two-sorted.go:39.2,39.16 1 0
Data-Structures-with-Go/linked-list-merge-two-sorted/linked-list-merge-two-sorted.go:36.44,38.3 1 0
Data-Structures-with-Go/linked-list-merge-two-sorted/linked-list-merge-two-sorted.go:42.42,57.2 4 30
Data-Structures-with-Go/linked-list-merge-two-sorted/linked-list-merge-two-sorted.go:71.51,83.2 4 9
Data-Structures-with-Go/linked-list-merge-two-sorted/linked-list-merge-two-sorted.go:88.42,98.6 4 4
Data-Structures-with-Go/linked-list-merge-two-sorted/linked-list-merge-two-sorted.go:117.2,117.19 1 4
Data-Structures-with-Go/linked-list-merge-two-sorted/linked-list-merge-two-sorted.go:98.6,99.15 1 13
Data-Structures-with-Go/linked-list-merge-two-sorted/linked-list-merge-two-sorted.go:108.3,108.23 1 9
Data-Structures-with-Go/linked-list-merge-two-sorted/linked-list-merge-two-sorted.go:114.3,114.19 1 9
Data-Structures-with-Go/linked-list-merge-two-sorted/linked-list-merge-two-sorted.go:99.15,102.9 2 2
Data-Structures-with-Go/linked-list-merge-two-sorted/linked-list-merge-two-sorted.go:103.9,103.22 1 11
Data-Structures-with-Go/linked-list-merge-two-sorted/linked-list-merge-two-sorted.go:103.22,105.9 2 2
Data-Structures-with-Go/linked-list-merge-two-sorted/linked-list-merge-two-sorted.go:108.23,110.4 1 3
Data-Structures-with-Go/linked-list-merge-two-sorted/linked-list-merge-two-sorted.go:110.9,112.4 1 6
Data-Structures-with-Go/linked-list-merge-two-sorted/linked-list-merge-two-sorted.go:121.25,122.15 1 0
Data-Structures-with-Go/linked-list-merge-two-sorted/linked-list-merge-two-sorted.go:122.15,126.3 3 0
Data-Structures-with-Go/linked-list-merge-two-sorted/linked-list-merge-two-sorted.go:129.33,131.15 2 0
Data-Structures-with-Go/linked-list-merge-two-sorted/linked-list-merge-two-sorted.go:135.2,135.13 1 0
Data-Structures-with-Go/linked-list-merge-two-sorted/linked-list-merge-two-sorted.go:131.15,134.3 2 0
Data-Structures-with-Go/linked-list-merge-two-sorted/linked-list-merge-two-sorted.go:138.13,157.2 12 0
Data-Structures-with-Go/linked-list-reverse/linked-list-reverse.go:18.29,21.2 2 19
Data-Structures-with-Go/linked-list-reverse/linked-list-reverse.go:24.18,26.2 1 19
Data-Structures-with-Go/linked-list-reverse/linked-list-reverse.go:29.29,31.2 1 16
Data-Structures-with-Go/linked-list-reverse/linked-list-reverse.go:34.29,36.44 2 0
Data-Structures-with-Go/linked-list-reverse/linked-list-reverse.go:39.2,39.16 1 0
Data-Structures-with-Go/linked-list-reverse/linked-list-reverse.go:36.44,38.3 1 0
Data-Structures-with-Go/linked-list-reverse/linked-list-reverse.go:42.42,57.2 4 10
Data-Structures-with-Go/linked-list-reverse/linked-list-reverse.go:59.31,64.21 4 3
Data-Structures-with-Go/linked-list-reverse/linked-list-reverse.go:71.2,71.18 1 3
Data-Structures-with-Go/linked-list-reverse/linked-list-reverse.go:64.21,69.3 4 13
Data-Structures-with-Go/linked-list-reverse/linked-list-reverse.go:75.24,76.15 1 0
Data-Structures-with-Go/linked-list-reverse/linked-list-reverse.go:76.15,79.3 2 0
Data-Structures-with-Go/linked-list-reverse/linked-list-reverse.go:82.13,101.2 10 0
Data-Structures-with-Go/merge-sort/merge-sort.go:12.36,22.25 6 19
Data-Structures-with-Go/merge-sort/merge-sort.go:26.2,26.25 1 19
Data-Structures-with-Go/merge-sort/merge-sort.go:31.2,35.23 4 19
Data-Structures-with-Go/merge-sort/merge-sort.go:47.2,47.13 1 19
Data-Structures-with-Go/merge-sort/merge-sort.go:54.2,54.13 1 19
Data-Structures-with-Go/merge-sort/merge-sort.go:22.25,24.3 1 34
Data-Structures-with-Go/merge-sort/merge-sort.go:26.25,28.3 1 28
Data-Structures-with-Go/merge-sort/merge-sort.go:35.23,36.19 1 35
Data-Structures-with-Go/merge-sort/merge-sort.go:43.3,43.6 1 35
Data-Structures-with-Go/merge-sort/merge-sort.go:36.19,39.4 2 17
Data-Structures-with-Go/merge-sort/merge-sort.go:39.9,42.4 2 18
Data-Structures-with-Go/merge-sort/merge-sort.go:47.13,51.3 3 17
Data-Structures-with-Go/merge-sort/merge-sort.go:54.13,58.3 3 10
Data-Structures-with-Go/merge-sort/merge-sort.go:61.37,62.11 1 42
Data-Structures-with-Go/merge-sort/merge-sort.go:62.11,71.3 4 19
Data-Structures-with-Go/merge-sort/merge-sort.go:74.36,75.28 1 0
Data-Structures-with-Go/merge-sort/merge-sort.go:78.2,78.18 1 0
Data-Structures-with-Go/merge-sort/merge-sort.go:75.28,77.3 1 0
Data-Structures-with-Go/merge-sort/merge-sort.go:81.13,92.2 7 0
Data-Structures-with-Go/quick-sort/quick-sort.go:12.27,16.2 3 38
Data-Structures-with-Go/quick-sort/quick-sort.go:18.47,25.34 3 15
Data-Structures-with-Go/quick-sort/quick-sort.go:33.2,35.16 2 15
Data-Structures-with-Go/quick-sort/quick-sort.go:25.34,27.22 1 49
Data-Structures-with-Go/quick-sort/quick-sort.go:27.22,30.4 2 23
Data-Structures-with-Go/quick-sort/quick-sort.go:43.43,44.17 1 34
Data-Structures-with-Go/quick-sort/quick-sort.go:44.17,51.3 3 15
Data-Structures-with-Go/quick-sort/quick-sort.go:54.38,55.28 1 0
Data-Structures-with-Go/quick-sort/quick-sort.go:58.2,58.18 1 0
Data-Structures-with-Go/quick-sort/quick-sort.go:55.28,57.3 1 0
Data-Structures-with-Go/quick-sort/quick-sort.go:61.13,69.2 5 0
Data-Structures-with-Go/stack/stack.go:24.44,29.2 4 4
Data-Structures-with-Go/stack/stack.go:32.32,34.2 1 4
Data-Structures-with-Go/stack/stack.go:37.32,39.2 1 14
Data-Structures-with-Go/stack/stack.go:42.33,44.2 1 14
Data-Structures-with-Go/stack/stack.go:46.35,47.19 1 14
Data-Structures-with-Go/stack/stack.go:50.2,51.31 2 14
Data-Structures-with-Go/stack/stack.go:47.19,49.3 1 0
Data-Structures-with-Go/stack/stack.go:54.28,55.20 1 14
Data-Structures-with-Go/stack/stack.go:58.2,60.13 3 14
Data-Structures-with-Go/stack/stack.go:55.20,57.3 1 0
Data-Structures-with-Go/stack/stack.go:63.13,74.2 8 0
